0 info it worked if it ends with ok
1 verbose cli [ 'F:\\node_node\\node.exe',
1 verbose cli   'F:\\node_node\\node_modules\\npm\\bin\\npm-cli.js',
1 verbose cli   'run',
1 verbose cli   'build' ]
2 info using npm@3.10.10
3 info using node@v6.10.3
4 verbose run-script [ 'prebuild', 'build', 'postbuild' ]
5 info lifecycle 03__webpacktest__@0.0.1~prebuild: 03__webpacktest__@0.0.1
6 silly lifecycle 03__webpacktest__@0.0.1~prebuild: no script for prebuild, continuing
7 info lifecycle 03__webpacktest__@0.0.1~build: 03__webpacktest__@0.0.1
8 verbose lifecycle 03__webpacktest__@0.0.1~build: unsafe-perm in lifecycle true
9 verbose lifecycle 03__webpacktest__@0.0.1~build: PATH: F:\node_node\node_modules\npm\bin\node-gyp-bin;E:\JS高级\170816_Webpack.git\170816_ProjectBuild\work\03__webpacktest__\demo001\node_modules\.bin;C:\Windows\system32;C:\Windows;C:\Windows\System32\Wbem;C:\Windows\System32\WindowsPowerShell\v1.0\;D:\SVN\bin;C:\Program Files (x86)\VisualSVN Server\bin;C:\Program Files\SlikSvn\bin;F:\node_node\;F:\mongoDB\bin;C:\Users\liyan\AppData\Roaming\npm;C:\Program Files (x86)\Git\cmd;
10 verbose lifecycle 03__webpacktest__@0.0.1~build: CWD: E:\JS高级\170816_Webpack.git\170816_ProjectBuild\work\03__webpacktest__\demo001
11 silly lifecycle 03__webpacktest__@0.0.1~build: Args: [ '/d /s /c', 'webpack' ]
12 silly lifecycle 03__webpacktest__@0.0.1~build: Returned: code: 4294967295  signal: null
13 info lifecycle 03__webpacktest__@0.0.1~build: Failed to exec build script
14 verbose stack Error: 03__webpacktest__@0.0.1 build: `webpack`
14 verbose stack Exit status 4294967295
14 verbose stack     at EventEmitter.<anonymous> (F:\node_node\node_modules\npm\lib\utils\lifecycle.js:255:16)
14 verbose stack     at emitTwo (events.js:106:13)
14 verbose stack     at EventEmitter.emit (events.js:191:7)
14 verbose stack     at ChildProcess.<anonymous> (F:\node_node\node_modules\npm\lib\utils\spawn.js:40:14)
14 verbose stack     at emitTwo (events.js:106:13)
14 verbose stack     at ChildProcess.emit (events.js:191:7)
14 verbose stack     at maybeClose (internal/child_process.js:886:16)
14 verbose stack     at Process.ChildProcess._handle.onexit (internal/child_process.js:226:5)
15 verbose pkgid 03__webpacktest__@0.0.1
16 verbose cwd E:\JS高级\170816_Webpack.git\170816_ProjectBuild\work\03__webpacktest__\demo001
17 error Windows_NT 6.1.7601
18 error argv "F:\\node_node\\node.exe" "F:\\node_node\\node_modules\\npm\\bin\\npm-cli.js" "run" "build"
19 error node v6.10.3
20 error npm  v3.10.10
21 error code ELIFECYCLE
22 error 03__webpacktest__@0.0.1 build: `webpack`
22 error Exit status 4294967295
23 error Failed at the 03__webpacktest__@0.0.1 build script 'webpack'.
23 error Make sure you have the latest version of node.js and npm installed.
23 error If you do, this is most likely a problem with the 03__webpacktest__ package,
23 error not with npm itself.
23 error Tell the author that this fails on your system:
23 error     webpack
23 error You can get information on how to open an issue for this project with:
23 error     npm bugs 03__webpacktest__
23 error Or if that isn't available, you can get their info via:
23 error     npm owner ls 03__webpacktest__
23 error There is likely additional logging output above.
24 verbose exit [ 1, true ]
